\BOOKMARK [0][-]{chapter.2}{\376\377\0001\000\040\000I\000n\000t\000r\000o\000d\000u\000c\000t\000i\000o\000n}{}% 1
\BOOKMARK [0][-]{chapter.8}{\376\377\0002\000\040\000T\000h\000e\000o\000r\000y}{}% 2
\BOOKMARK [1][-]{section.9}{\376\377\0002\000.\0001\000\040\000D\000e\000e\000p\000\040\000L\000e\000a\000r\000n\000i\000n\000g}{chapter.8}% 3
\BOOKMARK [2][-]{subsection.10}{\376\377\0002\000.\0001\000.\0001\000\040\000C\000o\000n\000v\000o\000l\000u\000t\000i\000o\000n\000a\000l\000\040\000N\000e\000u\000r\000a\000l\000\040\000N\000e\000t\000w\000o\000r\000k\000s}{section.9}% 4
\BOOKMARK [1][-]{section.11}{\376\377\0002\000.\0002\000\040\000I\000n\000t\000e\000r\000p\000r\000e\000t\000a\000b\000i\000l\000i\000t\000y\000\040\000t\000e\000c\000h\000n\000i\000q\000u\000e\000s}{chapter.8}% 5
\BOOKMARK [2][-]{subsection.12}{\376\377\0002\000.\0002\000.\0001\000\040\000F\000e\000a\000t\000u\000r\000e\000\040\000v\000i\000s\000u\000a\000l\000i\000z\000a\000t\000i\000o\000n}{section.11}% 6
\BOOKMARK [3][-]{subsubsection.13}{\376\377\0002\000.\0002\000.\0001\000.\0001\000\040\000L\000i\000n\000e\000a\000r\000\040\000c\000o\000m\000b\000i\000n\000a\000t\000i\000o\000n\000\040\000o\000f\000\040\000f\000i\000l\000t\000e\000r\000s}{subsection.12}% 7
\BOOKMARK [3][-]{subsubsection.14}{\376\377\0002\000.\0002\000.\0001\000.\0002\000\040\000A\000c\000t\000i\000v\000a\000t\000i\000o\000n\000\040\000m\000a\000x\000i\000m\000i\000z\000a\000t\000i\000o\000n}{subsection.12}% 8
\BOOKMARK [2][-]{subsection.16}{\376\377\0002\000.\0002\000.\0002\000\040\000S\000a\000l\000i\000e\000n\000c\000y\000\040\000m\000a\000p\000s}{section.11}% 9
\BOOKMARK [3][-]{subsubsection.17}{\376\377\0002\000.\0002\000.\0002\000.\0001\000\040\000P\000e\000r\000t\000u\000r\000b\000a\000t\000i\000o\000n\000-\000b\000a\000s\000e\000d\000\040\000f\000o\000r\000w\000a\000r\000d\000\040\000p\000r\000o\000p\000a\000g\000a\000t\000i\000o\000n\000\040\000a\000p\000p\000r\000o\000a\000c\000h\000e\000s\000\040\000\050\000s\000e\000n\000s\000i\000t\000i\000v\000i\000t\000y\000\040\000a\000n\000a\000l\000y\000s\000i\000s\000\051}{subsection.16}% 10
\BOOKMARK [3][-]{subsubsection.18}{\376\377\0002\000.\0002\000.\0002\000.\0002\000\040\000B\000a\000c\000k\000p\000r\000o\000p\000a\000g\000a\000t\000i\000o\000n\000-\000b\000a\000s\000e\000d\000\040\000a\000p\000p\000r\000o\000a\000c\000h\000e\000s}{subsection.16}% 11
\BOOKMARK [1][-]{section.19}{\376\377\0002\000.\0003\000\040\000D\000e\000e\000p\000\040\000L\000e\000a\000r\000n\000i\000n\000g\000\040\000i\000n\000\040\000b\000i\000o\000l\000o\000g\000y}{chapter.8}% 12
\BOOKMARK [2][-]{subsection.20}{\376\377\0002\000.\0003\000.\0001\000\040\000C\000N\000N\000s\000\040\000o\000n\000\040\000b\000i\000o\000l\000o\000g\000i\000c\000a\000l\000\040\000s\000e\000q\000u\000e\000n\000c\000e\000\040\000d\000a\000t\000a}{section.19}% 13
\BOOKMARK [2][-]{subsection.21}{\376\377\0002\000.\0003\000.\0002\000\040\000I\000n\000t\000e\000r\000p\000r\000e\000t\000a\000b\000i\000l\000i\000t\000y\000\040\000t\000e\000c\000h\000n\000i\000q\000u\000e\000s\000\040\000o\000n\000\040\000b\000i\000o\000l\000o\000g\000i\000c\000a\000l\000\040\000p\000r\000o\000b\000l\000e\000m\000s}{section.19}% 14
\BOOKMARK [3][-]{subsubsection.22}{\376\377\0002\000.\0003\000.\0002\000.\0001\000\040\000F\000e\000a\000t\000u\000r\000e\000\040\000v\000i\000s\000u\000a\000l\000i\000z\000a\000t\000i\000o\000n}{subsection.21}% 15
\BOOKMARK [3][-]{subsubsection.23}{\376\377\0002\000.\0003\000.\0002\000.\0002\000\040\000S\000a\000l\000i\000e\000n\000c\000y\000\040\000m\000a\000p\000s}{subsection.21}% 16
\BOOKMARK [1][-]{section.24}{\376\377\0002\000.\0004\000\040\000S\000e\000c\000o\000n\000d\000a\000r\000y\000\040\000S\000t\000r\000u\000c\000t\000u\000r\000e\000\040\000P\000r\000e\000d\000i\000c\000t\000i\000o\000n}{chapter.8}% 17
\BOOKMARK [2][-]{subsection.25}{\376\377\0002\000.\0004\000.\0001\000\040\000F\000e\000a\000t\000u\000r\000e\000s}{section.24}% 18
\BOOKMARK [3][-]{subsubsection.26}{\376\377\0002\000.\0004\000.\0001\000.\0001\000\040\000B\000e\000y\000o\000n\000d\000\040\000o\000n\000e\000-\000h\000o\000t}{subsection.25}% 19
\BOOKMARK [2][-]{subsection.27}{\376\377\0002\000.\0004\000.\0002\000\040\000P\000S\000I\000-\000B\000L\000A\000S\000T\000\040\000p\000r\000o\000f\000i\000l\000e\000s}{section.24}% 20
\BOOKMARK [2][-]{subsection.28}{\376\377\0002\000.\0004\000.\0003\000\040\000T\000a\000r\000g\000e\000t\000s}{section.24}% 21
\BOOKMARK [3][-]{subsubsection.29}{\376\377\0002\000.\0004\000.\0003\000.\0001\000\040\000Q\0003}{subsection.28}% 22
\BOOKMARK [3][-]{subsubsection.30}{\376\377\0002\000.\0004\000.\0003\000.\0002\000\040\000Q\0008}{subsection.28}% 23
\BOOKMARK [3][-]{subsubsection.31}{\376\377\0002\000.\0004\000.\0003\000.\0003\000\040\000A\000c\000c\000u\000r\000a\000c\000y}{subsection.28}% 24
\BOOKMARK [2][-]{subsection.32}{\376\377\0002\000.\0004\000.\0004\000\040\000S\000t\000a\000t\000e\000\040\000o\000f\000\040\000t\000h\000e\000\040\000a\000r\000t}{section.24}% 25
\BOOKMARK [3][-]{subsubsection.33}{\376\377\0002\000.\0004\000.\0004\000.\0001\000\040\000I\000n\000i\000t\000i\000a\000l\000\040\000r\000e\000s\000e\000a\000r\000c\000h}{subsection.32}% 26
\BOOKMARK [3][-]{subsubsection.34}{\376\377\0002\000.\0004\000.\0004\000.\0002\000\040\000R\000e\000c\000e\000n\000t\000l\000y}{subsection.32}% 27
\BOOKMARK [3][-]{subsubsection.35}{\376\377\0002\000.\0004\000.\0004\000.\0003\000\040\000H\000a\000l\000l\000\040\000o\000f\000\040\000f\000a\000m\000e}{subsection.32}% 28
\BOOKMARK [0][-]{chapter.36}{\376\377\0003\000\040\000M\000e\000t\000h\000o\000d\000s}{}% 29
\BOOKMARK [1][-]{section.37}{\376\377\0003\000.\0001\000\040\000D\000a\000t\000a\000s\000e\000t}{chapter.36}% 30
\BOOKMARK [2][-]{subsection.40}{\376\377\0003\000.\0001\000.\0001\000\040\000C\000u\000l\000l\000P\000D\000B\0005\0003}{section.37}% 31
\BOOKMARK [2][-]{subsection.41}{\376\377\0003\000.\0001\000.\0002\000\040\000C\000B\0005\0001\0003\000\040\000\046\000\040\000C\000B\0006\0001\0003\0003}{section.37}% 32
\BOOKMARK [1][-]{section.43}{\376\377\0003\000.\0002\000\040\000N\000e\000t\000w\000o\000r\000k\000\040\000o\000f\000\040\000s\000t\000u\000d\000y}{chapter.36}% 33
\BOOKMARK [2][-]{subsection.45}{\376\377\0003\000.\0002\000.\0001\000\040\000L\000o\000c\000a\000l\000\040\000a\000n\000d\000\040\000n\000o\000n\000-\000l\000o\000c\000a\000l\000\040\000i\000n\000t\000e\000r\000a\000c\000t\000i\000o\000n\000s}{section.43}% 34
\BOOKMARK [2][-]{subsection.46}{\376\377\0003\000.\0002\000.\0002\000\040\000W\000i\000n\000d\000o\000w\000\040\000s\000i\000z\000e}{section.43}% 35
\BOOKMARK [2][-]{subsection.47}{\376\377\0003\000.\0002\000.\0003\000\040\000F\000r\000a\000m\000e\000w\000o\000r\000k}{section.43}% 36
\BOOKMARK [3][-]{subsubsection.48}{\376\377\0003\000.\0002\000.\0003\000.\0001\000\040\000L\000a\000s\000a\000g\000n\000e}{subsection.47}% 37
\BOOKMARK [1][-]{section.49}{\376\377\0003\000.\0003\000\040\000S\000a\000l\000i\000e\000n\000c\000y\000\040\000m\000a\000p\000s}{chapter.36}% 38
\BOOKMARK [1][-]{section.50}{\376\377\0003\000.\0004\000\040\000O\000p\000e\000n\000-\000s\000o\000u\000r\000c\000e}{chapter.36}% 39
\BOOKMARK [0][-]{chapter.51}{\376\377\0004\000\040\000R\000e\000s\000u\000l\000t\000s}{}% 40
\BOOKMARK [1][-]{section.54}{\376\377\0004\000.\0001\000\040\000S\000a\000l\000i\000e\000n\000c\000y\000\040\000m\000a\000p\000s}{chapter.51}% 41
\BOOKMARK [2][-]{subsection.55}{\376\377\0004\000.\0001\000.\0001\000\040\000S\000h\000e\000e\000r\000\040\000a\000g\000g\000r\000e\000g\000a\000t\000i\000o\000n}{section.54}% 42
\BOOKMARK [2][-]{subsection.56}{\376\377\0004\000.\0001\000.\0002\000\040\000C\000l\000u\000s\000t\000e\000r\000i\000n\000g\000\040\000t\000e\000c\000h\000n\000i\000q\000u\000e\000s}{section.54}% 43
\BOOKMARK [0][-]{chapter.57}{\376\377\0005\000\040\000D\000i\000s\000c\000u\000s\000s\000i\000o\000n}{}% 44
\BOOKMARK [1][-]{section.60}{\376\377\0005\000.\0001\000\040\000S\000h\000e\000e\000r\000\040\000a\000g\000g\000r\000e\000g\000a\000t\000i\000o\000n\000\040\000d\000i\000s\000c\000u\000s\000s\000i\000o\000n}{chapter.57}% 45
\BOOKMARK [1][-]{section.61}{\376\377\0005\000.\0002\000\040\000C\000l\000u\000s\000t\000e\000r\000i\000n\000g\000\040\000d\000i\000s\000c\000u\000s\000s\000i\000o\000n}{chapter.57}% 46
\BOOKMARK [0][-]{chapter.62}{\376\377\0006\000\040\000C\000o\000n\000c\000l\000u\000s\000i\000o\000n\000s}{}% 47
\BOOKMARK [0][-]{appendix.65}{\376\377\000A\000\040\000S\000t\000u\000f\000f}{}% 48
\BOOKMARK [0][-]{dummy.66}{\376\377\000B\000i\000b\000l\000i\000o\000g\000r\000a\000p\000h\000y}{}% 49
